2021-08-11 23:11:00,076 ERROR 41884 [-/127.0.0.1/-/0ms GET /] nodejs.TSError: [egg-core] load file: /Users/macbook/Desktop/vyking/projects/egg-vue-pro/app/model/top.ts, error: ⨯ Unable to compile TypeScript:
app/model/top.ts(6,12): error TS2339: Property 'mongoose' does not exist on type 'Application'.

app/model/top.ts(6,12): error TS2339: Property 'mongoose' does not exist on type 'Application'.

    at createTSError (/Users/macbook/Desktop/vyking/projects/egg-vue-pro/node_modules/_ts-node@7.0.1@ts-node/src/index.ts:261:12)
    at getOutput (/Users/macbook/Desktop/vyking/projects/egg-vue-pro/node_modules/_ts-node@7.0.1@ts-node/src/index.ts:367:40)
    at Object.compile (/Users/macbook/Desktop/vyking/projects/egg-vue-pro/node_modules/_ts-node@7.0.1@ts-node/src/index.ts:558:11)
    at Module.m._compile (/Users/macbook/Desktop/vyking/projects/egg-vue-pro/node_modules/_ts-node@7.0.1@ts-node/src/index.ts:439:43)
    at Module._extensions..js (internal/modules/cjs/loader.js:1157:10)
    at Object.require.extensions.<computed> [as .ts] (/Users/macbook/Desktop/vyking/projects/egg-vue-pro/node_modules/_ts-node@7.0.1@ts-node/src/index.ts:442:12)
    at Module.load (internal/modules/cjs/loader.js:985:32)
    at Function.Module._load (internal/modules/cjs/loader.js:878:14)
    at Module.require (internal/modules/cjs/loader.js:1025:19)
    at require (internal/modules/cjs/helpers.js:72:18)
    at Object.loadFile (/Users/macbook/Desktop/vyking/projects/egg-vue-pro/node_modules/_egg-core@4.20.0@egg-core/lib/utils/index.js:27:19)
    at getExports (/Users/macbook/Desktop/vyking/projects/egg-vue-pro/node_modules/_egg-core@4.20.0@egg-core/lib/loader/file_loader.js:199:23)
    at FileLoader.parse (/Users/macbook/Desktop/vyking/projects/egg-vue-pro/node_modules/_egg-core@4.20.0@egg-core/lib/loader/file_loader.js:158:25)
    at FileLoader.load (/Users/macbook/Desktop/vyking/projects/egg-vue-pro/node_modules/_egg-core@4.20.0@egg-core/lib/loader/file_loader.js:67:24)
    at AppWorkerLoader.loadToApp (/Users/macbook/Desktop/vyking/projects/egg-vue-pro/node_modules/_egg-core@4.20.0@egg-core/lib/loader/egg_loader.js:388:25)
    at loadModelToApp (/Users/macbook/Desktop/vyking/projects/egg-vue-pro/node_modules/_egg-mongoose@3.3.1@egg-mongoose/lib/mongoose.js:124:14)
    at /Users/macbook/Desktop/vyking/projects/egg-vue-pro/node_modules/_egg-mongoose@3.3.1@egg-mongoose/lib/mongoose.js:53:7
    at Object.callFn (/Users/macbook/Desktop/vyking/projects/egg-vue-pro/node_modules/_egg-core@4.20.0@egg-core/lib/utils/index.js:44:42)
    at /Users/macbook/Desktop/vyking/projects/egg-vue-pro/node_modules/_egg-core@4.20.0@egg-core/lib/lifecycle.js:256:13
    at processTicksAndRejections (internal/process/task_queues.js:79:11)
diagnosticText: "app/model/top.ts(6,12): error TS2339: Property 'mongoose' does not exist on type 'Application'.\n"
diagnosticCodes: [2339]
pid: 41884
hostname: MacBookdeMacBook-Air.local

2021-08-11 23:11:35,534 ERROR 42177 [-/127.0.0.1/-/0ms GET /] nodejs.TSError: [egg-core] load file: /Users/macbook/Desktop/vyking/projects/egg-vue-pro/app/model/top.ts, error: ⨯ Unable to compile TypeScript:
app/model/top.ts(8,19): error TS2304: Cannot find name 'Schema'.
app/model/top.ts(8,32): error TS2304: Cannot find name 'Schema'.

app/model/top.ts(8,19): error TS2304: Cannot find name 'Schema'.
app/model/top.ts(8,32): error TS2304: Cannot find name 'Schema'.

    at createTSError (/Users/macbook/Desktop/vyking/projects/egg-vue-pro/node_modules/_ts-node@7.0.1@ts-node/src/index.ts:261:12)
    at getOutput (/Users/macbook/Desktop/vyking/projects/egg-vue-pro/node_modules/_ts-node@7.0.1@ts-node/src/index.ts:367:40)
    at Object.compile (/Users/macbook/Desktop/vyking/projects/egg-vue-pro/node_modules/_ts-node@7.0.1@ts-node/src/index.ts:558:11)
    at Module.m._compile (/Users/macbook/Desktop/vyking/projects/egg-vue-pro/node_modules/_ts-node@7.0.1@ts-node/src/index.ts:439:43)
    at Module._extensions..js (internal/modules/cjs/loader.js:1157:10)
    at Object.require.extensions.<computed> [as .ts] (/Users/macbook/Desktop/vyking/projects/egg-vue-pro/node_modules/_ts-node@7.0.1@ts-node/src/index.ts:442:12)
    at Module.load (internal/modules/cjs/loader.js:985:32)
    at Function.Module._load (internal/modules/cjs/loader.js:878:14)
    at Module.require (internal/modules/cjs/loader.js:1025:19)
    at require (internal/modules/cjs/helpers.js:72:18)
    at Object.loadFile (/Users/macbook/Desktop/vyking/projects/egg-vue-pro/node_modules/_egg-core@4.20.0@egg-core/lib/utils/index.js:27:19)
    at getExports (/Users/macbook/Desktop/vyking/projects/egg-vue-pro/node_modules/_egg-core@4.20.0@egg-core/lib/loader/file_loader.js:199:23)
    at FileLoader.parse (/Users/macbook/Desktop/vyking/projects/egg-vue-pro/node_modules/_egg-core@4.20.0@egg-core/lib/loader/file_loader.js:158:25)
    at FileLoader.load (/Users/macbook/Desktop/vyking/projects/egg-vue-pro/node_modules/_egg-core@4.20.0@egg-core/lib/loader/file_loader.js:67:24)
    at AppWorkerLoader.loadToApp (/Users/macbook/Desktop/vyking/projects/egg-vue-pro/node_modules/_egg-core@4.20.0@egg-core/lib/loader/egg_loader.js:388:25)
    at loadModelToApp (/Users/macbook/Desktop/vyking/projects/egg-vue-pro/node_modules/_egg-mongoose@3.3.1@egg-mongoose/lib/mongoose.js:124:14)
    at /Users/macbook/Desktop/vyking/projects/egg-vue-pro/node_modules/_egg-mongoose@3.3.1@egg-mongoose/lib/mongoose.js:53:7
    at Object.callFn (/Users/macbook/Desktop/vyking/projects/egg-vue-pro/node_modules/_egg-core@4.20.0@egg-core/lib/utils/index.js:44:42)
    at /Users/macbook/Desktop/vyking/projects/egg-vue-pro/node_modules/_egg-core@4.20.0@egg-core/lib/lifecycle.js:256:13
    at processTicksAndRejections (internal/process/task_queues.js:79:11)
diagnosticText: "app/model/top.ts(8,19): error TS2304: Cannot find name 'Schema'.\napp/model/top.ts(8,32): error TS2304: Cannot find name 'Schema'.\n"
diagnosticCodes: [2304,2304]
pid: 42177
hostname: MacBookdeMacBook-Air.local

2021-08-11 23:13:10,543 ERROR 42920 [-/127.0.0.1/-/0ms GET /] nodejs.TSError: [egg-core] load file: /Users/macbook/Desktop/vyking/projects/egg-vue-pro/app/model/top.ts, error: ⨯ Unable to compile TypeScript:
app/model/top.ts(8,19): error TS2304: Cannot find name 'Schema'.
app/model/top.ts(8,32): error TS2304: Cannot find name 'Schema'.

app/model/top.ts(8,19): error TS2304: Cannot find name 'Schema'.
app/model/top.ts(8,32): error TS2304: Cannot find name 'Schema'.

    at createTSError (/Users/macbook/Desktop/vyking/projects/egg-vue-pro/node_modules/_ts-node@7.0.1@ts-node/src/index.ts:261:12)
    at getOutput (/Users/macbook/Desktop/vyking/projects/egg-vue-pro/node_modules/_ts-node@7.0.1@ts-node/src/index.ts:367:40)
    at Object.compile (/Users/macbook/Desktop/vyking/projects/egg-vue-pro/node_modules/_ts-node@7.0.1@ts-node/src/index.ts:558:11)
    at Module.m._compile (/Users/macbook/Desktop/vyking/projects/egg-vue-pro/node_modules/_ts-node@7.0.1@ts-node/src/index.ts:439:43)
    at Module._extensions..js (internal/modules/cjs/loader.js:1157:10)
    at Object.require.extensions.<computed> [as .ts] (/Users/macbook/Desktop/vyking/projects/egg-vue-pro/node_modules/_ts-node@7.0.1@ts-node/src/index.ts:442:12)
    at Module.load (internal/modules/cjs/loader.js:985:32)
    at Function.Module._load (internal/modules/cjs/loader.js:878:14)
    at Module.require (internal/modules/cjs/loader.js:1025:19)
    at require (internal/modules/cjs/helpers.js:72:18)
    at Object.loadFile (/Users/macbook/Desktop/vyking/projects/egg-vue-pro/node_modules/_egg-core@4.20.0@egg-core/lib/utils/index.js:27:19)
    at getExports (/Users/macbook/Desktop/vyking/projects/egg-vue-pro/node_modules/_egg-core@4.20.0@egg-core/lib/loader/file_loader.js:199:23)
    at FileLoader.parse (/Users/macbook/Desktop/vyking/projects/egg-vue-pro/node_modules/_egg-core@4.20.0@egg-core/lib/loader/file_loader.js:158:25)
    at FileLoader.load (/Users/macbook/Desktop/vyking/projects/egg-vue-pro/node_modules/_egg-core@4.20.0@egg-core/lib/loader/file_loader.js:67:24)
    at AppWorkerLoader.loadToApp (/Users/macbook/Desktop/vyking/projects/egg-vue-pro/node_modules/_egg-core@4.20.0@egg-core/lib/loader/egg_loader.js:388:25)
    at loadModelToApp (/Users/macbook/Desktop/vyking/projects/egg-vue-pro/node_modules/_egg-mongoose@3.3.1@egg-mongoose/lib/mongoose.js:124:14)
    at /Users/macbook/Desktop/vyking/projects/egg-vue-pro/node_modules/_egg-mongoose@3.3.1@egg-mongoose/lib/mongoose.js:53:7
    at Object.callFn (/Users/macbook/Desktop/vyking/projects/egg-vue-pro/node_modules/_egg-core@4.20.0@egg-core/lib/utils/index.js:44:42)
    at /Users/macbook/Desktop/vyking/projects/egg-vue-pro/node_modules/_egg-core@4.20.0@egg-core/lib/lifecycle.js:256:13
    at processTicksAndRejections (internal/process/task_queues.js:79:11)
diagnosticText: "app/model/top.ts(8,19): error TS2304: Cannot find name 'Schema'.\napp/model/top.ts(8,32): error TS2304: Cannot find name 'Schema'.\n"
diagnosticCodes: [2304,2304]
pid: 42920
hostname: MacBookdeMacBook-Air.local

2021-08-11 23:13:47,941 ERROR 43227 [-/127.0.0.1/-/0ms GET /] nodejs.TSError: [egg-core] load file: /Users/macbook/Desktop/vyking/projects/egg-vue-pro/app/model/top.ts, error: ⨯ Unable to compile TypeScript:
app/model/top.ts(8,19): error TS2304: Cannot find name 'Schema'.
app/model/top.ts(8,32): error TS2304: Cannot find name 'Schema'.
app/model/top.ts(24,17): error TS2304: Cannot find name 'IUser'.
app/model/top.ts(24,29): error TS2304: Cannot find name 'UserModel'.
app/model/top.ts(34,17): error TS2304: Cannot find name 'IUser'.
app/model/top.ts(34,29): error TS2304: Cannot find name 'UserModel'.

app/model/top.ts(8,19): error TS2304: Cannot find name 'Schema'.
app/model/top.ts(8,32): error TS2304: Cannot find name 'Schema'.
app/model/top.ts(24,17): error TS2304: Cannot find name 'IUser'.
app/model/top.ts(24,29): error TS2304: Cannot find name 'UserModel'.
app/model/top.ts(34,17): error TS2304: Cannot find name 'IUser'.
app/model/top.ts(34,29): error TS2304: Cannot find name 'UserModel'.

    at createTSError (/Users/macbook/Desktop/vyking/projects/egg-vue-pro/node_modules/_ts-node@7.0.1@ts-node/src/index.ts:261:12)
    at getOutput (/Users/macbook/Desktop/vyking/projects/egg-vue-pro/node_modules/_ts-node@7.0.1@ts-node/src/index.ts:367:40)
    at Object.compile (/Users/macbook/Desktop/vyking/projects/egg-vue-pro/node_modules/_ts-node@7.0.1@ts-node/src/index.ts:558:11)
    at Module.m._compile (/Users/macbook/Desktop/vyking/projects/egg-vue-pro/node_modules/_ts-node@7.0.1@ts-node/src/index.ts:439:43)
    at Module._extensions..js (internal/modules/cjs/loader.js:1157:10)
    at Object.require.extensions.<computed> [as .ts] (/Users/macbook/Desktop/vyking/projects/egg-vue-pro/node_modules/_ts-node@7.0.1@ts-node/src/index.ts:442:12)
    at Module.load (internal/modules/cjs/loader.js:985:32)
    at Function.Module._load (internal/modules/cjs/loader.js:878:14)
    at Module.require (internal/modules/cjs/loader.js:1025:19)
    at require (internal/modules/cjs/helpers.js:72:18)
    at Object.loadFile (/Users/macbook/Desktop/vyking/projects/egg-vue-pro/node_modules/_egg-core@4.20.0@egg-core/lib/utils/index.js:27:19)
    at getExports (/Users/macbook/Desktop/vyking/projects/egg-vue-pro/node_modules/_egg-core@4.20.0@egg-core/lib/loader/file_loader.js:199:23)
    at FileLoader.parse (/Users/macbook/Desktop/vyking/projects/egg-vue-pro/node_modules/_egg-core@4.20.0@egg-core/lib/loader/file_loader.js:158:25)
    at FileLoader.load (/Users/macbook/Desktop/vyking/projects/egg-vue-pro/node_modules/_egg-core@4.20.0@egg-core/lib/loader/file_loader.js:67:24)
    at AppWorkerLoader.loadToApp (/Users/macbook/Desktop/vyking/projects/egg-vue-pro/node_modules/_egg-core@4.20.0@egg-core/lib/loader/egg_loader.js:388:25)
    at loadModelToApp (/Users/macbook/Desktop/vyking/projects/egg-vue-pro/node_modules/_egg-mongoose@3.3.1@egg-mongoose/lib/mongoose.js:124:14)
    at /Users/macbook/Desktop/vyking/projects/egg-vue-pro/node_modules/_egg-mongoose@3.3.1@egg-mongoose/lib/mongoose.js:53:7
    at Object.callFn (/Users/macbook/Desktop/vyking/projects/egg-vue-pro/node_modules/_egg-core@4.20.0@egg-core/lib/utils/index.js:44:42)
    at /Users/macbook/Desktop/vyking/projects/egg-vue-pro/node_modules/_egg-core@4.20.0@egg-core/lib/lifecycle.js:256:13
    at processTicksAndRejections (internal/process/task_queues.js:79:11)
diagnosticText: "app/model/top.ts(8,19): error TS2304: Cannot find name 'Schema'.\napp/model/top.ts(8,32): error TS2304: Cannot find name 'Schema'.\napp/model/top.ts(24,17): error TS2304: Cannot find name 'IUser'.\napp/model/top.ts(24,29): error TS2304: Cannot find name 'UserModel'.\napp/model/top.ts(34,17): error TS2304: Cannot find name 'IUser'.\napp/model/top.ts(34,29): error TS2304: Cannot find name 'UserModel'.\n"
diagnosticCodes: [2304,2304,2304,2304,2304,2304]
pid: 43227
hostname: MacBookdeMacBook-Air.local

2021-08-11 23:13:54,891 ERROR 43295 [-/127.0.0.1/-/0ms GET /] nodejs.TSError: [egg-core] load file: /Users/macbook/Desktop/vyking/projects/egg-vue-pro/app/model/top.ts, error: ⨯ Unable to compile TypeScript:
app/model/top.ts(8,19): error TS2304: Cannot find name 'Schema'.
app/model/top.ts(8,32): error TS2304: Cannot find name 'Schema'.
app/model/top.ts(24,17): error TS2304: Cannot find name 'IUser'.
app/model/top.ts(24,29): error TS2304: Cannot find name 'UserModel'.
app/model/top.ts(34,17): error TS2304: Cannot find name 'IUser'.
app/model/top.ts(34,29): error TS2304: Cannot find name 'UserModel'.

app/model/top.ts(8,19): error TS2304: Cannot find name 'Schema'.
app/model/top.ts(8,32): error TS2304: Cannot find name 'Schema'.
app/model/top.ts(24,17): error TS2304: Cannot find name 'IUser'.
app/model/top.ts(24,29): error TS2304: Cannot find name 'UserModel'.
app/model/top.ts(34,17): error TS2304: Cannot find name 'IUser'.
app/model/top.ts(34,29): error TS2304: Cannot find name 'UserModel'.

    at createTSError (/Users/macbook/Desktop/vyking/projects/egg-vue-pro/node_modules/_ts-node@7.0.1@ts-node/src/index.ts:261:12)
    at getOutput (/Users/macbook/Desktop/vyking/projects/egg-vue-pro/node_modules/_ts-node@7.0.1@ts-node/src/index.ts:367:40)
    at Object.compile (/Users/macbook/Desktop/vyking/projects/egg-vue-pro/node_modules/_ts-node@7.0.1@ts-node/src/index.ts:558:11)
    at Module.m._compile (/Users/macbook/Desktop/vyking/projects/egg-vue-pro/node_modules/_ts-node@7.0.1@ts-node/src/index.ts:439:43)
    at Module._extensions..js (internal/modules/cjs/loader.js:1157:10)
    at Object.require.extensions.<computed> [as .ts] (/Users/macbook/Desktop/vyking/projects/egg-vue-pro/node_modules/_ts-node@7.0.1@ts-node/src/index.ts:442:12)
    at Module.load (internal/modules/cjs/loader.js:985:32)
    at Function.Module._load (internal/modules/cjs/loader.js:878:14)
    at Module.require (internal/modules/cjs/loader.js:1025:19)
    at require (internal/modules/cjs/helpers.js:72:18)
    at Object.loadFile (/Users/macbook/Desktop/vyking/projects/egg-vue-pro/node_modules/_egg-core@4.20.0@egg-core/lib/utils/index.js:27:19)
    at getExports (/Users/macbook/Desktop/vyking/projects/egg-vue-pro/node_modules/_egg-core@4.20.0@egg-core/lib/loader/file_loader.js:199:23)
    at FileLoader.parse (/Users/macbook/Desktop/vyking/projects/egg-vue-pro/node_modules/_egg-core@4.20.0@egg-core/lib/loader/file_loader.js:158:25)
    at FileLoader.load (/Users/macbook/Desktop/vyking/projects/egg-vue-pro/node_modules/_egg-core@4.20.0@egg-core/lib/loader/file_loader.js:67:24)
    at AppWorkerLoader.loadToApp (/Users/macbook/Desktop/vyking/projects/egg-vue-pro/node_modules/_egg-core@4.20.0@egg-core/lib/loader/egg_loader.js:388:25)
    at loadModelToApp (/Users/macbook/Desktop/vyking/projects/egg-vue-pro/node_modules/_egg-mongoose@3.3.1@egg-mongoose/lib/mongoose.js:124:14)
    at /Users/macbook/Desktop/vyking/projects/egg-vue-pro/node_modules/_egg-mongoose@3.3.1@egg-mongoose/lib/mongoose.js:53:7
    at Object.callFn (/Users/macbook/Desktop/vyking/projects/egg-vue-pro/node_modules/_egg-core@4.20.0@egg-core/lib/utils/index.js:44:42)
    at /Users/macbook/Desktop/vyking/projects/egg-vue-pro/node_modules/_egg-core@4.20.0@egg-core/lib/lifecycle.js:256:13
    at processTicksAndRejections (internal/process/task_queues.js:79:11)
diagnosticText: "app/model/top.ts(8,19): error TS2304: Cannot find name 'Schema'.\napp/model/top.ts(8,32): error TS2304: Cannot find name 'Schema'.\napp/model/top.ts(24,17): error TS2304: Cannot find name 'IUser'.\napp/model/top.ts(24,29): error TS2304: Cannot find name 'UserModel'.\napp/model/top.ts(34,17): error TS2304: Cannot find name 'IUser'.\napp/model/top.ts(34,29): error TS2304: Cannot find name 'UserModel'.\n"
diagnosticCodes: [2304,2304,2304,2304,2304,2304]
pid: 43295
hostname: MacBookdeMacBook-Air.local

2021-08-11 23:14:15,274 ERROR 43460 [-/127.0.0.1/-/0ms GET /] nodejs.TSError: [egg-core] load file: /Users/macbook/Desktop/vyking/projects/egg-vue-pro/app/model/top.ts, error: ⨯ Unable to compile TypeScript:
app/model/top.ts(18,19): error TS2304: Cannot find name 'Schema'.
app/model/top.ts(18,32): error TS2304: Cannot find name 'Schema'.
app/model/top.ts(34,29): error TS2304: Cannot find name 'UserModel'.
app/model/top.ts(44,29): error TS2304: Cannot find name 'UserModel'.

app/model/top.ts(18,19): error TS2304: Cannot find name 'Schema'.
app/model/top.ts(18,32): error TS2304: Cannot find name 'Schema'.
app/model/top.ts(34,29): error TS2304: Cannot find name 'UserModel'.
app/model/top.ts(44,29): error TS2304: Cannot find name 'UserModel'.

    at createTSError (/Users/macbook/Desktop/vyking/projects/egg-vue-pro/node_modules/_ts-node@7.0.1@ts-node/src/index.ts:261:12)
    at getOutput (/Users/macbook/Desktop/vyking/projects/egg-vue-pro/node_modules/_ts-node@7.0.1@ts-node/src/index.ts:367:40)
    at Object.compile (/Users/macbook/Desktop/vyking/projects/egg-vue-pro/node_modules/_ts-node@7.0.1@ts-node/src/index.ts:558:11)
    at Module.m._compile (/Users/macbook/Desktop/vyking/projects/egg-vue-pro/node_modules/_ts-node@7.0.1@ts-node/src/index.ts:439:43)
    at Module._extensions..js (internal/modules/cjs/loader.js:1157:10)
    at Object.require.extensions.<computed> [as .ts] (/Users/macbook/Desktop/vyking/projects/egg-vue-pro/node_modules/_ts-node@7.0.1@ts-node/src/index.ts:442:12)
    at Module.load (internal/modules/cjs/loader.js:985:32)
    at Function.Module._load (internal/modules/cjs/loader.js:878:14)
    at Module.require (internal/modules/cjs/loader.js:1025:19)
    at require (internal/modules/cjs/helpers.js:72:18)
    at Object.loadFile (/Users/macbook/Desktop/vyking/projects/egg-vue-pro/node_modules/_egg-core@4.20.0@egg-core/lib/utils/index.js:27:19)
    at getExports (/Users/macbook/Desktop/vyking/projects/egg-vue-pro/node_modules/_egg-core@4.20.0@egg-core/lib/loader/file_loader.js:199:23)
    at FileLoader.parse (/Users/macbook/Desktop/vyking/projects/egg-vue-pro/node_modules/_egg-core@4.20.0@egg-core/lib/loader/file_loader.js:158:25)
    at FileLoader.load (/Users/macbook/Desktop/vyking/projects/egg-vue-pro/node_modules/_egg-core@4.20.0@egg-core/lib/loader/file_loader.js:67:24)
    at AppWorkerLoader.loadToApp (/Users/macbook/Desktop/vyking/projects/egg-vue-pro/node_modules/_egg-core@4.20.0@egg-core/lib/loader/egg_loader.js:388:25)
    at loadModelToApp (/Users/macbook/Desktop/vyking/projects/egg-vue-pro/node_modules/_egg-mongoose@3.3.1@egg-mongoose/lib/mongoose.js:124:14)
    at /Users/macbook/Desktop/vyking/projects/egg-vue-pro/node_modules/_egg-mongoose@3.3.1@egg-mongoose/lib/mongoose.js:53:7
    at Object.callFn (/Users/macbook/Desktop/vyking/projects/egg-vue-pro/node_modules/_egg-core@4.20.0@egg-core/lib/utils/index.js:44:42)
    at /Users/macbook/Desktop/vyking/projects/egg-vue-pro/node_modules/_egg-core@4.20.0@egg-core/lib/lifecycle.js:256:13
    at processTicksAndRejections (internal/process/task_queues.js:79:11)
diagnosticText: "app/model/top.ts(18,19): error TS2304: Cannot find name 'Schema'.\napp/model/top.ts(18,32): error TS2304: Cannot find name 'Schema'.\napp/model/top.ts(34,29): error TS2304: Cannot find name 'UserModel'.\napp/model/top.ts(44,29): error TS2304: Cannot find name 'UserModel'.\n"
diagnosticCodes: [2304,2304,2304,2304]
pid: 43460
hostname: MacBookdeMacBook-Air.local

2021-08-11 23:14:42,455 ERROR 43679 [-/127.0.0.1/-/0ms GET /] nodejs.TSError: [egg-core] load file: /Users/macbook/Desktop/vyking/projects/egg-vue-pro/app/model/top.ts, error: ⨯ Unable to compile TypeScript:
app/model/top.ts(24,39): error TS2304: Cannot find name 'Model'.
app/model/top.ts(36,19): error TS2304: Cannot find name 'Schema'.
app/model/top.ts(36,32): error TS2304: Cannot find name 'Schema'.
app/model/top.ts(52,29): error TS2304: Cannot find name 'UserModel'.
app/model/top.ts(62,29): error TS2304: Cannot find name 'UserModel'.

app/model/top.ts(24,39): error TS2304: Cannot find name 'Model'.
app/model/top.ts(36,19): error TS2304: Cannot find name 'Schema'.
app/model/top.ts(36,32): error TS2304: Cannot find name 'Schema'.
app/model/top.ts(52,29): error TS2304: Cannot find name 'UserModel'.
app/model/top.ts(62,29): error TS2304: Cannot find name 'UserModel'.

    at createTSError (/Users/macbook/Desktop/vyking/projects/egg-vue-pro/node_modules/_ts-node@7.0.1@ts-node/src/index.ts:261:12)
    at getOutput (/Users/macbook/Desktop/vyking/projects/egg-vue-pro/node_modules/_ts-node@7.0.1@ts-node/src/index.ts:367:40)
    at Object.compile (/Users/macbook/Desktop/vyking/projects/egg-vue-pro/node_modules/_ts-node@7.0.1@ts-node/src/index.ts:558:11)
    at Module.m._compile (/Users/macbook/Desktop/vyking/projects/egg-vue-pro/node_modules/_ts-node@7.0.1@ts-node/src/index.ts:439:43)
    at Module._extensions..js (internal/modules/cjs/loader.js:1157:10)
    at Object.require.extensions.<computed> [as .ts] (/Users/macbook/Desktop/vyking/projects/egg-vue-pro/node_modules/_ts-node@7.0.1@ts-node/src/index.ts:442:12)
    at Module.load (internal/modules/cjs/loader.js:985:32)
    at Function.Module._load (internal/modules/cjs/loader.js:878:14)
    at Module.require (internal/modules/cjs/loader.js:1025:19)
    at require (internal/modules/cjs/helpers.js:72:18)
    at Object.loadFile (/Users/macbook/Desktop/vyking/projects/egg-vue-pro/node_modules/_egg-core@4.20.0@egg-core/lib/utils/index.js:27:19)
    at getExports (/Users/macbook/Desktop/vyking/projects/egg-vue-pro/node_modules/_egg-core@4.20.0@egg-core/lib/loader/file_loader.js:199:23)
    at FileLoader.parse (/Users/macbook/Desktop/vyking/projects/egg-vue-pro/node_modules/_egg-core@4.20.0@egg-core/lib/loader/file_loader.js:158:25)
    at FileLoader.load (/Users/macbook/Desktop/vyking/projects/egg-vue-pro/node_modules/_egg-core@4.20.0@egg-core/lib/loader/file_loader.js:67:24)
    at AppWorkerLoader.loadToApp (/Users/macbook/Desktop/vyking/projects/egg-vue-pro/node_modules/_egg-core@4.20.0@egg-core/lib/loader/egg_loader.js:388:25)
    at loadModelToApp (/Users/macbook/Desktop/vyking/projects/egg-vue-pro/node_modules/_egg-mongoose@3.3.1@egg-mongoose/lib/mongoose.js:124:14)
    at /Users/macbook/Desktop/vyking/projects/egg-vue-pro/node_modules/_egg-mongoose@3.3.1@egg-mongoose/lib/mongoose.js:53:7
    at Object.callFn (/Users/macbook/Desktop/vyking/projects/egg-vue-pro/node_modules/_egg-core@4.20.0@egg-core/lib/utils/index.js:44:42)
    at /Users/macbook/Desktop/vyking/projects/egg-vue-pro/node_modules/_egg-core@4.20.0@egg-core/lib/lifecycle.js:256:13
    at processTicksAndRejections (internal/process/task_queues.js:79:11)
diagnosticText: "app/model/top.ts(24,39): error TS2304: Cannot find name 'Model'.\napp/model/top.ts(36,19): error TS2304: Cannot find name 'Schema'.\napp/model/top.ts(36,32): error TS2304: Cannot find name 'Schema'.\napp/model/top.ts(52,29): error TS2304: Cannot find name 'UserModel'.\napp/model/top.ts(62,29): error TS2304: Cannot find name 'UserModel'.\n"
diagnosticCodes: [2304,2304,2304,2304,2304]
pid: 43679
hostname: MacBookdeMacBook-Air.local

2021-08-11 23:15:11,525 ERROR 43925 [-/127.0.0.1/-/1ms GET /] nodejs.TSError: [egg-core] load file: /Users/macbook/Desktop/vyking/projects/egg-vue-pro/app/model/top.ts, error: ⨯ Unable to compile TypeScript:
app/model/top.ts(24,39): error TS2304: Cannot find name 'Model'.
app/model/top.ts(36,19): error TS2304: Cannot find name 'Schema'.
app/model/top.ts(36,32): error TS2304: Cannot find name 'Schema'.
app/model/top.ts(69,26): error TS2304: Cannot find name 'model'.

app/model/top.ts(24,39): error TS2304: Cannot find name 'Model'.
app/model/top.ts(36,19): error TS2304: Cannot find name 'Schema'.
app/model/top.ts(36,32): error TS2304: Cannot find name 'Schema'.
app/model/top.ts(69,26): error TS2304: Cannot find name 'model'.

    at createTSError (/Users/macbook/Desktop/vyking/projects/egg-vue-pro/node_modules/_ts-node@7.0.1@ts-node/src/index.ts:261:12)
    at getOutput (/Users/macbook/Desktop/vyking/projects/egg-vue-pro/node_modules/_ts-node@7.0.1@ts-node/src/index.ts:367:40)
    at Object.compile (/Users/macbook/Desktop/vyking/projects/egg-vue-pro/node_modules/_ts-node@7.0.1@ts-node/src/index.ts:558:11)
    at Module.m._compile (/Users/macbook/Desktop/vyking/projects/egg-vue-pro/node_modules/_ts-node@7.0.1@ts-node/src/index.ts:439:43)
    at Module._extensions..js (internal/modules/cjs/loader.js:1157:10)
    at Object.require.extensions.<computed> [as .ts] (/Users/macbook/Desktop/vyking/projects/egg-vue-pro/node_modules/_ts-node@7.0.1@ts-node/src/index.ts:442:12)
    at Module.load (internal/modules/cjs/loader.js:985:32)
    at Function.Module._load (internal/modules/cjs/loader.js:878:14)
    at Module.require (internal/modules/cjs/loader.js:1025:19)
    at require (internal/modules/cjs/helpers.js:72:18)
    at Object.loadFile (/Users/macbook/Desktop/vyking/projects/egg-vue-pro/node_modules/_egg-core@4.20.0@egg-core/lib/utils/index.js:27:19)
    at getExports (/Users/macbook/Desktop/vyking/projects/egg-vue-pro/node_modules/_egg-core@4.20.0@egg-core/lib/loader/file_loader.js:199:23)
    at FileLoader.parse (/Users/macbook/Desktop/vyking/projects/egg-vue-pro/node_modules/_egg-core@4.20.0@egg-core/lib/loader/file_loader.js:158:25)
    at FileLoader.load (/Users/macbook/Desktop/vyking/projects/egg-vue-pro/node_modules/_egg-core@4.20.0@egg-core/lib/loader/file_loader.js:67:24)
    at AppWorkerLoader.loadToApp (/Users/macbook/Desktop/vyking/projects/egg-vue-pro/node_modules/_egg-core@4.20.0@egg-core/lib/loader/egg_loader.js:388:25)
    at loadModelToApp (/Users/macbook/Desktop/vyking/projects/egg-vue-pro/node_modules/_egg-mongoose@3.3.1@egg-mongoose/lib/mongoose.js:124:14)
    at /Users/macbook/Desktop/vyking/projects/egg-vue-pro/node_modules/_egg-mongoose@3.3.1@egg-mongoose/lib/mongoose.js:53:7
    at Object.callFn (/Users/macbook/Desktop/vyking/projects/egg-vue-pro/node_modules/_egg-core@4.20.0@egg-core/lib/utils/index.js:44:42)
    at /Users/macbook/Desktop/vyking/projects/egg-vue-pro/node_modules/_egg-core@4.20.0@egg-core/lib/lifecycle.js:256:13
    at processTicksAndRejections (internal/process/task_queues.js:79:11)
diagnosticText: "app/model/top.ts(24,39): error TS2304: Cannot find name 'Model'.\napp/model/top.ts(36,19): error TS2304: Cannot find name 'Schema'.\napp/model/top.ts(36,32): error TS2304: Cannot find name 'Schema'.\napp/model/top.ts(69,26): error TS2304: Cannot find name 'model'.\n"
diagnosticCodes: [2304,2304,2304,2304]
pid: 43925
hostname: MacBookdeMacBook-Air.local

2021-08-11 23:15:37,779 ERROR 44138 [-/127.0.0.1/-/0ms GET /] nodejs.TSError: [egg-core] load file: /Users/macbook/Desktop/vyking/projects/egg-vue-pro/app/model/top.ts, error: ⨯ Unable to compile TypeScript:
app/model/top.ts(24,37): error TS2304: Cannot find name 'Model'.
app/model/top.ts(36,19): error TS2304: Cannot find name 'Schema'.
app/model/top.ts(36,32): error TS2304: Cannot find name 'Schema'.
app/model/top.ts(69,26): error TS2304: Cannot find name 'model'.
app/model/top.ts(74,26): error TS2339: Property 'mongoose' does not exist on type 'Application'.

app/model/top.ts(24,37): error TS2304: Cannot find name 'Model'.
app/model/top.ts(36,19): error TS2304: Cannot find name 'Schema'.
app/model/top.ts(36,32): error TS2304: Cannot find name 'Schema'.
app/model/top.ts(69,26): error TS2304: Cannot find name 'model'.
app/model/top.ts(74,26): error TS2339: Property 'mongoose' does not exist on type 'Application'.

    at createTSError (/Users/macbook/Desktop/vyking/projects/egg-vue-pro/node_modules/_ts-node@7.0.1@ts-node/src/index.ts:261:12)
    at getOutput (/Users/macbook/Desktop/vyking/projects/egg-vue-pro/node_modules/_ts-node@7.0.1@ts-node/src/index.ts:367:40)
    at Object.compile (/Users/macbook/Desktop/vyking/projects/egg-vue-pro/node_modules/_ts-node@7.0.1@ts-node/src/index.ts:558:11)
    at Module.m._compile (/Users/macbook/Desktop/vyking/projects/egg-vue-pro/node_modules/_ts-node@7.0.1@ts-node/src/index.ts:439:43)
    at Module._extensions..js (internal/modules/cjs/loader.js:1157:10)
    at Object.require.extensions.<computed> [as .ts] (/Users/macbook/Desktop/vyking/projects/egg-vue-pro/node_modules/_ts-node@7.0.1@ts-node/src/index.ts:442:12)
    at Module.load (internal/modules/cjs/loader.js:985:32)
    at Function.Module._load (internal/modules/cjs/loader.js:878:14)
    at Module.require (internal/modules/cjs/loader.js:1025:19)
    at require (internal/modules/cjs/helpers.js:72:18)
    at Object.loadFile (/Users/macbook/Desktop/vyking/projects/egg-vue-pro/node_modules/_egg-core@4.20.0@egg-core/lib/utils/index.js:27:19)
    at getExports (/Users/macbook/Desktop/vyking/projects/egg-vue-pro/node_modules/_egg-core@4.20.0@egg-core/lib/loader/file_loader.js:199:23)
    at FileLoader.parse (/Users/macbook/Desktop/vyking/projects/egg-vue-pro/node_modules/_egg-core@4.20.0@egg-core/lib/loader/file_loader.js:158:25)
    at FileLoader.load (/Users/macbook/Desktop/vyking/projects/egg-vue-pro/node_modules/_egg-core@4.20.0@egg-core/lib/loader/file_loader.js:67:24)
    at AppWorkerLoader.loadToApp (/Users/macbook/Desktop/vyking/projects/egg-vue-pro/node_modules/_egg-core@4.20.0@egg-core/lib/loader/egg_loader.js:388:25)
    at loadModelToApp (/Users/macbook/Desktop/vyking/projects/egg-vue-pro/node_modules/_egg-mongoose@3.3.1@egg-mongoose/lib/mongoose.js:124:14)
    at /Users/macbook/Desktop/vyking/projects/egg-vue-pro/node_modules/_egg-mongoose@3.3.1@egg-mongoose/lib/mongoose.js:53:7
    at Object.callFn (/Users/macbook/Desktop/vyking/projects/egg-vue-pro/node_modules/_egg-core@4.20.0@egg-core/lib/utils/index.js:44:42)
    at /Users/macbook/Desktop/vyking/projects/egg-vue-pro/node_modules/_egg-core@4.20.0@egg-core/lib/lifecycle.js:256:13
    at processTicksAndRejections (internal/process/task_queues.js:79:11)
diagnosticText: "app/model/top.ts(24,37): error TS2304: Cannot find name 'Model'.\napp/model/top.ts(36,19): error TS2304: Cannot find name 'Schema'.\napp/model/top.ts(36,32): error TS2304: Cannot find name 'Schema'.\napp/model/top.ts(69,26): error TS2304: Cannot find name 'model'.\napp/model/top.ts(74,26): error TS2339: Property 'mongoose' does not exist on type 'Application'.\n"
diagnosticCodes: [2304,2304,2304,2304,2339]
pid: 44138
hostname: MacBookdeMacBook-Air.local

2021-08-11 23:19:39,707 ERROR 46050 [-/127.0.0.1/-/0ms GET /] nodejs.TSError: [egg-core] load file: /Users/macbook/Desktop/vyking/projects/egg-vue-pro/app/model/top.ts, error: ⨯ Unable to compile TypeScript:
app/model/top.ts(24,37): error TS2304: Cannot find name 'Model'.
app/model/top.ts(36,19): error TS2304: Cannot find name 'Schema'.
app/model/top.ts(36,32): error TS2304: Cannot find name 'Schema'.
app/model/top.ts(69,26): error TS2304: Cannot find name 'model'.
app/model/top.ts(74,13): error TS2339: Property 'mongoose' does not exist on type 'Application'.

app/model/top.ts(24,37): error TS2304: Cannot find name 'Model'.
app/model/top.ts(36,19): error TS2304: Cannot find name 'Schema'.
app/model/top.ts(36,32): error TS2304: Cannot find name 'Schema'.
app/model/top.ts(69,26): error TS2304: Cannot find name 'model'.
app/model/top.ts(74,13): error TS2339: Property 'mongoose' does not exist on type 'Application'.

    at createTSError (/Users/macbook/Desktop/vyking/projects/egg-vue-pro/node_modules/_ts-node@7.0.1@ts-node/src/index.ts:261:12)
    at getOutput (/Users/macbook/Desktop/vyking/projects/egg-vue-pro/node_modules/_ts-node@7.0.1@ts-node/src/index.ts:367:40)
    at Object.compile (/Users/macbook/Desktop/vyking/projects/egg-vue-pro/node_modules/_ts-node@7.0.1@ts-node/src/index.ts:558:11)
    at Module.m._compile (/Users/macbook/Desktop/vyking/projects/egg-vue-pro/node_modules/_ts-node@7.0.1@ts-node/src/index.ts:439:43)
    at Module._extensions..js (internal/modules/cjs/loader.js:1157:10)
    at Object.require.extensions.<computed> [as .ts] (/Users/macbook/Desktop/vyking/projects/egg-vue-pro/node_modules/_ts-node@7.0.1@ts-node/src/index.ts:442:12)
    at Module.load (internal/modules/cjs/loader.js:985:32)
    at Function.Module._load (internal/modules/cjs/loader.js:878:14)
    at Module.require (internal/modules/cjs/loader.js:1025:19)
    at require (internal/modules/cjs/helpers.js:72:18)
    at Object.loadFile (/Users/macbook/Desktop/vyking/projects/egg-vue-pro/node_modules/_egg-core@4.20.0@egg-core/lib/utils/index.js:27:19)
    at getExports (/Users/macbook/Desktop/vyking/projects/egg-vue-pro/node_modules/_egg-core@4.20.0@egg-core/lib/loader/file_loader.js:199:23)
    at FileLoader.parse (/Users/macbook/Desktop/vyking/projects/egg-vue-pro/node_modules/_egg-core@4.20.0@egg-core/lib/loader/file_loader.js:158:25)
    at FileLoader.load (/Users/macbook/Desktop/vyking/projects/egg-vue-pro/node_modules/_egg-core@4.20.0@egg-core/lib/loader/file_loader.js:67:24)
    at AppWorkerLoader.loadToApp (/Users/macbook/Desktop/vyking/projects/egg-vue-pro/node_modules/_egg-core@4.20.0@egg-core/lib/loader/egg_loader.js:388:25)
    at loadModelToApp (/Users/macbook/Desktop/vyking/projects/egg-vue-pro/node_modules/_egg-mongoose@3.3.1@egg-mongoose/lib/mongoose.js:124:14)
    at /Users/macbook/Desktop/vyking/projects/egg-vue-pro/node_modules/_egg-mongoose@3.3.1@egg-mongoose/lib/mongoose.js:53:7
    at Object.callFn (/Users/macbook/Desktop/vyking/projects/egg-vue-pro/node_modules/_egg-core@4.20.0@egg-core/lib/utils/index.js:44:42)
    at /Users/macbook/Desktop/vyking/projects/egg-vue-pro/node_modules/_egg-core@4.20.0@egg-core/lib/lifecycle.js:256:13
    at processTicksAndRejections (internal/process/task_queues.js:79:11)
diagnosticText: "app/model/top.ts(24,37): error TS2304: Cannot find name 'Model'.\napp/model/top.ts(36,19): error TS2304: Cannot find name 'Schema'.\napp/model/top.ts(36,32): error TS2304: Cannot find name 'Schema'.\napp/model/top.ts(69,26): error TS2304: Cannot find name 'model'.\napp/model/top.ts(74,13): error TS2339: Property 'mongoose' does not exist on type 'Application'.\n"
diagnosticCodes: [2304,2304,2304,2304,2339]
pid: 46050
hostname: MacBookdeMacBook-Air.local

2021-08-11 23:19:51,216 ERROR 46152 [-/127.0.0.1/-/0ms GET /] nodejs.TSError: [egg-core] load file: /Users/macbook/Desktop/vyking/projects/egg-vue-pro/app/model/top.ts, error: ⨯ Unable to compile TypeScript:
app/model/top.ts(24,37): error TS2304: Cannot find name 'Model'.
app/model/top.ts(36,19): error TS2304: Cannot find name 'Schema'.
app/model/top.ts(36,32): error TS2304: Cannot find name 'Schema'.
app/model/top.ts(69,26): error TS2304: Cannot find name 'model'.
app/model/top.ts(76,5): error TS2347: Untyped function calls may not accept type arguments.

app/model/top.ts(24,37): error TS2304: Cannot find name 'Model'.
app/model/top.ts(36,19): error TS2304: Cannot find name 'Schema'.
app/model/top.ts(36,32): error TS2304: Cannot find name 'Schema'.
app/model/top.ts(69,26): error TS2304: Cannot find name 'model'.
app/model/top.ts(76,5): error TS2347: Untyped function calls may not accept type arguments.

    at createTSError (/Users/macbook/Desktop/vyking/projects/egg-vue-pro/node_modules/_ts-node@7.0.1@ts-node/src/index.ts:261:12)
    at getOutput (/Users/macbook/Desktop/vyking/projects/egg-vue-pro/node_modules/_ts-node@7.0.1@ts-node/src/index.ts:367:40)
    at Object.compile (/Users/macbook/Desktop/vyking/projects/egg-vue-pro/node_modules/_ts-node@7.0.1@ts-node/src/index.ts:558:11)
    at Module.m._compile (/Users/macbook/Desktop/vyking/projects/egg-vue-pro/node_modules/_ts-node@7.0.1@ts-node/src/index.ts:439:43)
    at Module._extensions..js (internal/modules/cjs/loader.js:1157:10)
    at Object.require.extensions.<computed> [as .ts] (/Users/macbook/Desktop/vyking/projects/egg-vue-pro/node_modules/_ts-node@7.0.1@ts-node/src/index.ts:442:12)
    at Module.load (internal/modules/cjs/loader.js:985:32)
    at Function.Module._load (internal/modules/cjs/loader.js:878:14)
    at Module.require (internal/modules/cjs/loader.js:1025:19)
    at require (internal/modules/cjs/helpers.js:72:18)
    at Object.loadFile (/Users/macbook/Desktop/vyking/projects/egg-vue-pro/node_modules/_egg-core@4.20.0@egg-core/lib/utils/index.js:27:19)
    at getExports (/Users/macbook/Desktop/vyking/projects/egg-vue-pro/node_modules/_egg-core@4.20.0@egg-core/lib/loader/file_loader.js:199:23)
    at FileLoader.parse (/Users/macbook/Desktop/vyking/projects/egg-vue-pro/node_modules/_egg-core@4.20.0@egg-core/lib/loader/file_loader.js:158:25)
    at FileLoader.load (/Users/macbook/Desktop/vyking/projects/egg-vue-pro/node_modules/_egg-core@4.20.0@egg-core/lib/loader/file_loader.js:67:24)
    at AppWorkerLoader.loadToApp (/Users/macbook/Desktop/vyking/projects/egg-vue-pro/node_modules/_egg-core@4.20.0@egg-core/lib/loader/egg_loader.js:388:25)
    at loadModelToApp (/Users/macbook/Desktop/vyking/projects/egg-vue-pro/node_modules/_egg-mongoose@3.3.1@egg-mongoose/lib/mongoose.js:124:14)
    at /Users/macbook/Desktop/vyking/projects/egg-vue-pro/node_modules/_egg-mongoose@3.3.1@egg-mongoose/lib/mongoose.js:53:7
    at Object.callFn (/Users/macbook/Desktop/vyking/projects/egg-vue-pro/node_modules/_egg-core@4.20.0@egg-core/lib/utils/index.js:44:42)
    at /Users/macbook/Desktop/vyking/projects/egg-vue-pro/node_modules/_egg-core@4.20.0@egg-core/lib/lifecycle.js:256:13
    at processTicksAndRejections (internal/process/task_queues.js:79:11)
diagnosticText: "app/model/top.ts(24,37): error TS2304: Cannot find name 'Model'.\napp/model/top.ts(36,19): error TS2304: Cannot find name 'Schema'.\napp/model/top.ts(36,32): error TS2304: Cannot find name 'Schema'.\napp/model/top.ts(69,26): error TS2304: Cannot find name 'model'.\napp/model/top.ts(76,5): error TS2347: Untyped function calls may not accept type arguments.\n"
diagnosticCodes: [2304,2304,2304,2304,2347]
pid: 46152
hostname: MacBookdeMacBook-Air.local

2021-08-11 23:23:00,023 ERROR 47660 [-/127.0.0.1/-/0ms GET /] nodejs.TSError: [egg-core] load file: /Users/macbook/Desktop/vyking/projects/egg-vue-pro/app/model/top.ts, error: ⨯ Unable to compile TypeScript:
app/model/top.ts(24,37): error TS2304: Cannot find name 'Model'.
app/model/top.ts(36,19): error TS2304: Cannot find name 'Schema'.
app/model/top.ts(36,32): error TS2304: Cannot find name 'Schema'.
app/model/top.ts(69,26): error TS2304: Cannot find name 'model'.
app/model/top.ts(72,22): error TS2304: Cannot find name 'Application'.

app/model/top.ts(24,37): error TS2304: Cannot find name 'Model'.
app/model/top.ts(36,19): error TS2304: Cannot find name 'Schema'.
app/model/top.ts(36,32): error TS2304: Cannot find name 'Schema'.
app/model/top.ts(69,26): error TS2304: Cannot find name 'model'.
app/model/top.ts(72,22): error TS2304: Cannot find name 'Application'.

    at createTSError (/Users/macbook/Desktop/vyking/projects/egg-vue-pro/node_modules/_ts-node@7.0.1@ts-node/src/index.ts:261:12)
    at getOutput (/Users/macbook/Desktop/vyking/projects/egg-vue-pro/node_modules/_ts-node@7.0.1@ts-node/src/index.ts:367:40)
    at Object.compile (/Users/macbook/Desktop/vyking/projects/egg-vue-pro/node_modules/_ts-node@7.0.1@ts-node/src/index.ts:558:11)
    at Module.m._compile (/Users/macbook/Desktop/vyking/projects/egg-vue-pro/node_modules/_ts-node@7.0.1@ts-node/src/index.ts:439:43)
    at Module._extensions..js (internal/modules/cjs/loader.js:1157:10)
    at Object.require.extensions.<computed> [as .ts] (/Users/macbook/Desktop/vyking/projects/egg-vue-pro/node_modules/_ts-node@7.0.1@ts-node/src/index.ts:442:12)
    at Module.load (internal/modules/cjs/loader.js:985:32)
    at Function.Module._load (internal/modules/cjs/loader.js:878:14)
    at Module.require (internal/modules/cjs/loader.js:1025:19)
    at require (internal/modules/cjs/helpers.js:72:18)
    at Object.loadFile (/Users/macbook/Desktop/vyking/projects/egg-vue-pro/node_modules/_egg-core@4.20.0@egg-core/lib/utils/index.js:27:19)
    at getExports (/Users/macbook/Desktop/vyking/projects/egg-vue-pro/node_modules/_egg-core@4.20.0@egg-core/lib/loader/file_loader.js:199:23)
    at FileLoader.parse (/Users/macbook/Desktop/vyking/projects/egg-vue-pro/node_modules/_egg-core@4.20.0@egg-core/lib/loader/file_loader.js:158:25)
    at FileLoader.load (/Users/macbook/Desktop/vyking/projects/egg-vue-pro/node_modules/_egg-core@4.20.0@egg-core/lib/loader/file_loader.js:67:24)
    at AppWorkerLoader.loadToApp (/Users/macbook/Desktop/vyking/projects/egg-vue-pro/node_modules/_egg-core@4.20.0@egg-core/lib/loader/egg_loader.js:388:25)
    at loadModelToApp (/Users/macbook/Desktop/vyking/projects/egg-vue-pro/node_modules/_egg-mongoose@3.3.1@egg-mongoose/lib/mongoose.js:124:14)
    at /Users/macbook/Desktop/vyking/projects/egg-vue-pro/node_modules/_egg-mongoose@3.3.1@egg-mongoose/lib/mongoose.js:53:7
    at Object.callFn (/Users/macbook/Desktop/vyking/projects/egg-vue-pro/node_modules/_egg-core@4.20.0@egg-core/lib/utils/index.js:44:42)
    at /Users/macbook/Desktop/vyking/projects/egg-vue-pro/node_modules/_egg-core@4.20.0@egg-core/lib/lifecycle.js:256:13
    at processTicksAndRejections (internal/process/task_queues.js:79:11)
diagnosticText: "app/model/top.ts(24,37): error TS2304: Cannot find name 'Model'.\napp/model/top.ts(36,19): error TS2304: Cannot find name 'Schema'.\napp/model/top.ts(36,32): error TS2304: Cannot find name 'Schema'.\napp/model/top.ts(69,26): error TS2304: Cannot find name 'model'.\napp/model/top.ts(72,22): error TS2304: Cannot find name 'Application'.\n"
diagnosticCodes: [2304,2304,2304,2304,2304]
pid: 47660
hostname: MacBookdeMacBook-Air.local

2021-08-11 23:23:05,452 ERROR 47715 [-/127.0.0.1/-/0ms GET /] nodejs.TSError: [egg-core] load file: /Users/macbook/Desktop/vyking/projects/egg-vue-pro/app/model/top.ts, error: ⨯ Unable to compile TypeScript:
app/model/top.ts(25,37): error TS2304: Cannot find name 'Model'.
app/model/top.ts(37,19): error TS2304: Cannot find name 'Schema'.
app/model/top.ts(37,32): error TS2304: Cannot find name 'Schema'.
app/model/top.ts(70,26): error TS2304: Cannot find name 'model'.
app/model/top.ts(75,13): error TS2339: Property 'mongoose' does not exist on type 'Application'.

app/model/top.ts(25,37): error TS2304: Cannot find name 'Model'.
app/model/top.ts(37,19): error TS2304: Cannot find name 'Schema'.
app/model/top.ts(37,32): error TS2304: Cannot find name 'Schema'.
app/model/top.ts(70,26): error TS2304: Cannot find name 'model'.
app/model/top.ts(75,13): error TS2339: Property 'mongoose' does not exist on type 'Application'.

    at createTSError (/Users/macbook/Desktop/vyking/projects/egg-vue-pro/node_modules/_ts-node@7.0.1@ts-node/src/index.ts:261:12)
    at getOutput (/Users/macbook/Desktop/vyking/projects/egg-vue-pro/node_modules/_ts-node@7.0.1@ts-node/src/index.ts:367:40)
    at Object.compile (/Users/macbook/Desktop/vyking/projects/egg-vue-pro/node_modules/_ts-node@7.0.1@ts-node/src/index.ts:558:11)
    at Module.m._compile (/Users/macbook/Desktop/vyking/projects/egg-vue-pro/node_modules/_ts-node@7.0.1@ts-node/src/index.ts:439:43)
    at Module._extensions..js (internal/modules/cjs/loader.js:1157:10)
    at Object.require.extensions.<computed> [as .ts] (/Users/macbook/Desktop/vyking/projects/egg-vue-pro/node_modules/_ts-node@7.0.1@ts-node/src/index.ts:442:12)
    at Module.load (internal/modules/cjs/loader.js:985:32)
    at Function.Module._load (internal/modules/cjs/loader.js:878:14)
    at Module.require (internal/modules/cjs/loader.js:1025:19)
    at require (internal/modules/cjs/helpers.js:72:18)
    at Object.loadFile (/Users/macbook/Desktop/vyking/projects/egg-vue-pro/node_modules/_egg-core@4.20.0@egg-core/lib/utils/index.js:27:19)
    at getExports (/Users/macbook/Desktop/vyking/projects/egg-vue-pro/node_modules/_egg-core@4.20.0@egg-core/lib/loader/file_loader.js:199:23)
    at FileLoader.parse (/Users/macbook/Desktop/vyking/projects/egg-vue-pro/node_modules/_egg-core@4.20.0@egg-core/lib/loader/file_loader.js:158:25)
    at FileLoader.load (/Users/macbook/Desktop/vyking/projects/egg-vue-pro/node_modules/_egg-core@4.20.0@egg-core/lib/loader/file_loader.js:67:24)
    at AppWorkerLoader.loadToApp (/Users/macbook/Desktop/vyking/projects/egg-vue-pro/node_modules/_egg-core@4.20.0@egg-core/lib/loader/egg_loader.js:388:25)
    at loadModelToApp (/Users/macbook/Desktop/vyking/projects/egg-vue-pro/node_modules/_egg-mongoose@3.3.1@egg-mongoose/lib/mongoose.js:124:14)
    at /Users/macbook/Desktop/vyking/projects/egg-vue-pro/node_modules/_egg-mongoose@3.3.1@egg-mongoose/lib/mongoose.js:53:7
    at Object.callFn (/Users/macbook/Desktop/vyking/projects/egg-vue-pro/node_modules/_egg-core@4.20.0@egg-core/lib/utils/index.js:44:42)
    at /Users/macbook/Desktop/vyking/projects/egg-vue-pro/node_modules/_egg-core@4.20.0@egg-core/lib/lifecycle.js:256:13
    at processTicksAndRejections (internal/process/task_queues.js:79:11)
diagnosticText: "app/model/top.ts(25,37): error TS2304: Cannot find name 'Model'.\napp/model/top.ts(37,19): error TS2304: Cannot find name 'Schema'.\napp/model/top.ts(37,32): error TS2304: Cannot find name 'Schema'.\napp/model/top.ts(70,26): error TS2304: Cannot find name 'model'.\napp/model/top.ts(75,13): error TS2339: Property 'mongoose' does not exist on type 'Application'.\n"
diagnosticCodes: [2304,2304,2304,2304,2339]
pid: 47715
hostname: MacBookdeMacBook-Air.local

2021-08-12 21:29:11,321 ERROR 54385 [-/127.0.0.1/-/0ms GET /] nodejs.TSError: [egg-core] load file: /Users/macbook/Desktop/vyking/projects/egg-vue-pro/app/model/top.ts, error: ⨯ Unable to compile TypeScript:
app/model/top.ts(25,37): error TS2304: Cannot find name 'Model'.
app/model/top.ts(37,19): error TS2304: Cannot find name 'Schema'.
app/model/top.ts(37,32): error TS2304: Cannot find name 'Schema'.
app/model/top.ts(70,26): error TS2304: Cannot find name 'model'.
app/model/top.ts(75,13): error TS2339: Property 'mongoose' does not exist on type 'Application'.

app/model/top.ts(25,37): error TS2304: Cannot find name 'Model'.
app/model/top.ts(37,19): error TS2304: Cannot find name 'Schema'.
app/model/top.ts(37,32): error TS2304: Cannot find name 'Schema'.
app/model/top.ts(70,26): error TS2304: Cannot find name 'model'.
app/model/top.ts(75,13): error TS2339: Property 'mongoose' does not exist on type 'Application'.

    at createTSError (/Users/macbook/Desktop/vyking/projects/egg-vue-pro/node_modules/_ts-node@7.0.1@ts-node/src/index.ts:261:12)
    at getOutput (/Users/macbook/Desktop/vyking/projects/egg-vue-pro/node_modules/_ts-node@7.0.1@ts-node/src/index.ts:367:40)
    at Object.compile (/Users/macbook/Desktop/vyking/projects/egg-vue-pro/node_modules/_ts-node@7.0.1@ts-node/src/index.ts:558:11)
    at Module.m._compile (/Users/macbook/Desktop/vyking/projects/egg-vue-pro/node_modules/_ts-node@7.0.1@ts-node/src/index.ts:439:43)
    at Module._extensions..js (internal/modules/cjs/loader.js:1157:10)
    at Object.require.extensions.<computed> [as .ts] (/Users/macbook/Desktop/vyking/projects/egg-vue-pro/node_modules/_ts-node@7.0.1@ts-node/src/index.ts:442:12)
    at Module.load (internal/modules/cjs/loader.js:985:32)
    at Function.Module._load (internal/modules/cjs/loader.js:878:14)
    at Module.require (internal/modules/cjs/loader.js:1025:19)
    at require (internal/modules/cjs/helpers.js:72:18)
    at Object.loadFile (/Users/macbook/Desktop/vyking/projects/egg-vue-pro/node_modules/_egg-core@4.20.0@egg-core/lib/utils/index.js:27:19)
    at getExports (/Users/macbook/Desktop/vyking/projects/egg-vue-pro/node_modules/_egg-core@4.20.0@egg-core/lib/loader/file_loader.js:199:23)
    at FileLoader.parse (/Users/macbook/Desktop/vyking/projects/egg-vue-pro/node_modules/_egg-core@4.20.0@egg-core/lib/loader/file_loader.js:158:25)
    at FileLoader.load (/Users/macbook/Desktop/vyking/projects/egg-vue-pro/node_modules/_egg-core@4.20.0@egg-core/lib/loader/file_loader.js:67:24)
    at AppWorkerLoader.loadToApp (/Users/macbook/Desktop/vyking/projects/egg-vue-pro/node_modules/_egg-core@4.20.0@egg-core/lib/loader/egg_loader.js:388:25)
    at loadModelToApp (/Users/macbook/Desktop/vyking/projects/egg-vue-pro/node_modules/_egg-mongoose@3.3.1@egg-mongoose/lib/mongoose.js:124:14)
    at /Users/macbook/Desktop/vyking/projects/egg-vue-pro/node_modules/_egg-mongoose@3.3.1@egg-mongoose/lib/mongoose.js:53:7
    at Object.callFn (/Users/macbook/Desktop/vyking/projects/egg-vue-pro/node_modules/_egg-core@4.20.0@egg-core/lib/utils/index.js:44:42)
    at /Users/macbook/Desktop/vyking/projects/egg-vue-pro/node_modules/_egg-core@4.20.0@egg-core/lib/lifecycle.js:256:13
    at processTicksAndRejections (internal/process/task_queues.js:79:11)
diagnosticText: "app/model/top.ts(25,37): error TS2304: Cannot find name 'Model'.\napp/model/top.ts(37,19): error TS2304: Cannot find name 'Schema'.\napp/model/top.ts(37,32): error TS2304: Cannot find name 'Schema'.\napp/model/top.ts(70,26): error TS2304: Cannot find name 'model'.\napp/model/top.ts(75,13): error TS2339: Property 'mongoose' does not exist on type 'Application'.\n"
diagnosticCodes: [2304,2304,2304,2304,2339]
pid: 54385
hostname: MacBookdeMacBook-Air.local

